<?xml version="1.0" encoding="UTF-8"?>
<!-- Generated by org.testng.reporters.JUnitXMLReporter -->
<testsuite ignored="0" hostname="DESKTOP-E6JIKVI" failures="0" tests="3" name="SubmitOrderTest" time="163.382" errors="0" timestamp="2024-11-22T16:35:56 IST">
  <testcase classname="VaibhavFrameWorkDesign.SeleniumFrameworkMyVersionTests.StandAloneTestPOM" name="submitOrder" time="24.911"/>
  <testcase classname="VaibhavFrameWorkDesign.SeleniumFrameworkMyVersionTests.StandAloneTestPOM" name="submitOrder" time="15.201"/>
  <testcase classname="VaibhavFrameWorkDesign.SeleniumFrameworkMyVersionTests.StandAloneTestPOM" name="orderHistoryTest" time="1.926"/>
</testsuite> <!-- SubmitOrderTest -->
