<?xml version="1.0" encoding="UTF-8"?>
<!-- Generated by org.testng.reporters.JUnitXMLReporter -->
<testsuite ignored="0" hostname="DESKTOP-E6JIKVI" failures="1" tests="3" name="ErrorValidationTest" time="48.351" errors="0" timestamp="2024-11-24T15:21:07 IST">
  <testcase classname="VaibhavFrameWorkDesign.SeleniumFrameworkMyVersionTests.ErrorValidationsTest" name="loginError" time="0.749">
    <skipped/>
  </testcase> <!-- loginError -->
  <testcase classname="VaibhavFrameWorkDesign.SeleniumFrameworkMyVersionTests.ErrorValidationsTest" name="loginError" time="0.775">
    <failure type="java.lang.AssertionError" message="expected [Incorrect email or password.] but found [Incorrect email  password.]">
      <![CDATA[java.lang.AssertionError: expected [Incorrect email or password.] but found [Incorrect email  password.]
at VaibhavFrameWorkDesign.SeleniumFrameworkMyVersionTests.ErrorValidationsTest.loginError(ErrorValidationsTest.java:24)
at java.base/java.util.ArrayList.forEach(ArrayList.java:1596)
... Removed 35 stack frames]]>
    </failure>
  </testcase> <!-- loginError -->
  <testcase classname="VaibhavFrameWorkDesign.SeleniumFrameworkMyVersionTests.ErrorValidationsTest" name="productErrorValidation" time="15.311"/>
</testsuite> <!-- ErrorValidationTest -->
