<?xml version="1.0" encoding="UTF-8"?>
<!-- Generated by org.testng.reporters.JUnitXMLReporter -->
<testsuite ignored="0" hostname="DESKTOP-E6JIKVI" failures="0" tests="3" name="SubmitOrderTest" time="60.091" errors="0" timestamp="2024-11-24T15:22:07 IST">
  <testcase classname="VaibhavFrameWorkDesign.SeleniumFrameworkMyVersionTests.StandAloneTestPOM" name="submitOrder" time="16.498"/>
  <testcase classname="VaibhavFrameWorkDesign.SeleniumFrameworkMyVersionTests.StandAloneTestPOM" name="submitOrder" time="15.565"/>
  <testcase classname="VaibhavFrameWorkDesign.SeleniumFrameworkMyVersionTests.StandAloneTestPOM" name="orderHistoryTest" time="1.769"/>
</testsuite> <!-- SubmitOrderTest -->
