<?xml version="1.0" encoding="UTF-8"?>
<testng-results ignored="0" total="1" passed="1" failed="0" skipped="0">
  <reporter-output>
  </reporter-output>
  <suite started-at="2024-11-24T15:17:23 IST" name="Default suite" finished-at="2024-11-24T15:17:51 IST" duration-ms="28211">
    <groups>
      <group name="cucumber">
        <method signature="AbstractTestNGCucumberTests.runScenario(io.cucumber.testng.PickleWrapper,io.cucumber.testng.FeatureWrapper)[pri:0, instance:VaibhavFrameWorkDesign.Cucumber.TestNgTestRunner@68b6f0d6]" name="runScenario" class="io.cucumber.testng.AbstractTestNGCucumberTests"/>
      </group> <!-- cucumber -->
    </groups>
    <test started-at="2024-11-24T15:17:23 IST" name="Default test" finished-at="2024-11-24T15:17:51 IST" duration-ms="28211">
      <class name="VaibhavFrameWorkDesign.Cucumber.TestNgTestRunner">
        <test-method is-config="true" signature="setUpClass(org.testng.ITestContext)[pri:0, instance:VaibhavFrameWorkDesign.Cucumber.TestNgTestRunner@68b6f0d6]" started-at="2024-11-24T15:17:23 IST" name="setUpClass" finished-at="2024-11-24T15:17:24 IST" duration-ms="848" status="PASS">
          <params>
            <param index="0">
              <value>
                <![CDATA[org.testng.TestRunner@4db77402]]>
              </value>
            </param>
          </params>
          <reporter-output>
          </reporter-output>
        </test-method> <!-- setUpClass -->
        <test-method signature="runScenario(io.cucumber.testng.PickleWrapper,io.cucumber.testng.FeatureWrapper)[pri:0, instance:VaibhavFrameWorkDesign.Cucumber.TestNgTestRunner@68b6f0d6]" started-at="2024-11-24T15:17:24 IST" name="runScenario" description="Runs Cucumber Scenarios" data-provider="scenarios" finished-at="2024-11-24T15:17:51 IST" duration-ms="27229" status="PASS">
          <params>
            <param index="0">
              <value>
                <![CDATA["Positive Test of submitting the order"]]>
              </value>
            </param>
            <param index="1">
              <value>
                <![CDATA["Purchase the Order from Ecommerce Website"]]>
              </value>
            </param>
          </params>
          <reporter-output>
          </reporter-output>
        </test-method> <!-- runScenario -->
        <test-method is-config="true" signature="tearDownClass()[pri:0, instance:VaibhavFrameWorkDesign.Cucumber.TestNgTestRunner@68b6f0d6]" started-at="2024-11-24T15:17:51 IST" name="tearDownClass" finished-at="2024-11-24T15:17:51 IST" duration-ms="51" status="PASS">
          <reporter-output>
          </reporter-output>
        </test-method> <!-- tearDownClass -->
      </class> <!-- VaibhavFrameWorkDesign.Cucumber.TestNgTestRunner -->
    </test> <!-- Default test -->
  </suite> <!-- Default suite -->
</testng-results>
